Debug: reading config.xml ...
Debug: DebugLevel 3
Debug: ... config.xml read
Info: *** Server starting ***
Debug: Creating Metaverse Client listener on port 2501
NetworkController.  Listen as server port 2501
HeightMap() 257 257
CreateBlankTexture()
...done
CreateBlankBlendTexture()
...done
Metaverse.Communication.IrcChat IrcController()
Info: *** Server initialization complete ***
NetworkController.  Connect as client to 127.0.0.1 2501
NetworkLevel2Connection()
init sdl
requested window width/height: 1024 768
70088
70088
error code: 0
0 748 1024 0
GL_ARB_multitexture GL_ARB_point_parameters GL_ARB_texture_border_clamp GL_ARB_texture_compression GL_ARB_texture_cube_map GL_ARB_texture_env_add GL_ARB_texture_env_combine GL_ARB_texture_env_dot3 GL_ARB_texture_env_crossbar GL_ARB_transpose_matrix GL_ARB_vertex_buffer_object GL_ARB_vertex_program GL_ARB_window_pos GL_EXT_abgr GL_EXT_bgra GL_EXT_blend_color GL_EXT_blend_func_separate GL_EXT_blend_minmax GL_EXT_blend_subtract GL_EXT_clip_volume_hint GL_EXT_compiled_vertex_array GL_EXT_cull_vertex GL_EXT_draw_range_elements GL_EXT_fog_coord GL_EXT_multi_draw_arrays GL_EXT_packed_pixels GL_EXT_rescale_normal GL_EXT_secondary_color GL_EXT_separate_specular_color GL_EXT_stencil_wrap GL_EXT_texture_compression_s3tc GL_EXT_texture_env_add GL_EXT_texture_env_combine GL_EXT_texture_filter_anisotropic GL_3DFX_texture_compression_FXT1 GL_IBM_texture_mirrored_repeat GL_NV_blend_square GL_NV_texgen_reflection GL_SGIS_generate_mipmap GL_WIN_swap_hint 
max texel units: 4
1.3.0 - Build 4.14.10.4396
_ScreenDistanceScreenCoords: 665
Debug: instantiating PlayerMovement()
Debug: <0,0,-5>
Debug: <256,256,1000>

System.TypeInitializationException: An exception was thrown by the type initializer for OSMP.PlayerMovement ---> System.NullReferenceException: Object reference not set to an instance of an object
  at OSMP.PlayerMovement..ctor () [0x001fb] in H:\dev\osmpsvn\Trunk\Source\Metaverse.Client\MovementAndEditing\PlayerMovement.cs:133 
  at OSMP.PlayerMovement..cctor () [0x00000] --- End of inner exception stack trace ---

  at <0x00000> <unknown method>
  at OSMP.MetaverseClient.Init (IConfigSource commandlineConfig, IClientControllers controllers) [0x000df] in H:\dev\osmpsvn\Trunk\Source\Metaverse.Client\MetaverseClient.cs:141 
  at Metaverse.Controller.ClientController.InitializeClientWithServer () [0x0002b] in H:\dev\osmpsvn\Trunk\Source\Metaverse.Controller\ClientController.cs:69 
